<?xml version="1.0" encoding="UTF-8"?>
<testng-results ignored="0" total="2" passed="2" failed="0" skipped="0">
  <reporter-output>
  </reporter-output>
  <suite started-at="2024-01-21T07:45:13Z" name="Default suite" finished-at="2024-01-21T07:45:15Z" duration-ms="1951">
    <groups>
    </groups>
    <test started-at="2024-01-21T07:45:13Z" name="Default test" finished-at="2024-01-21T07:45:15Z" duration-ms="1951">
      <class name="testCases.DeleteOneAccount">
        <test-method signature="deleteOneAccount()[pri:1, instance:testCases.DeleteOneAccount@423a0e1d]" started-at="2024-01-21T07:45:13Z" name="deleteOneAccount" finished-at="2024-01-21T07:45:14Z" duration-ms="910" status="PASS">
          <reporter-output>
          </reporter-output>
        </test-method> <!-- deleteOneAccount -->
        <test-method signature="readOneAccount()[pri:2, instance:testCases.DeleteOneAccount@423a0e1d]" started-at="2024-01-21T07:45:14Z" name="readOneAccount" finished-at="2024-01-21T07:45:15Z" duration-ms="1021" status="PASS">
          <reporter-output>
          </reporter-output>
        </test-method> <!-- readOneAccount -->
      </class> <!-- testCases.DeleteOneAccount -->
    </test> <!-- Default test -->
  </suite> <!-- Default suite -->
</testng-results>
